[0.010s] Invoking command in '/home/seav/Praveen/build/seav_bot': CMAKE_PREFIX_PATH=${CMAKE_PREFIX_PATH}:/home/seav/ss25/install/wheel_odometry:/home/seav/ss25/install/seav_nav2:/home/seav/ss25/install/fake_odometry:/home/seav/ss25/install/bringup_pkg:/opt/ros/humble /usr/bin/cmake /home/seav/Praveen/src/seav_bot -DAMENT_CMAKE_SYMLINK_INSTALL=1 -DCMAKE_INSTALL_PREFIX=/home/seav/Praveen/install/seav_bot
[0.050s] -- The C compiler identification is GNU 11.4.0
[0.092s] -- The CXX compiler identification is GNU 11.4.0
[0.097s] -- Detecting C compiler ABI info
[0.150s] -- Detecting C compiler ABI info - done
[0.156s] -- Check for working C compiler: /usr/bin/cc - skipped
[0.156s] -- Detecting C compile features
[0.156s] -- Detecting C compile features - done
[0.158s] -- Detecting CXX compiler ABI info
[0.219s] -- Detecting CXX compiler ABI info - done
[0.225s] -- Check for working CXX compiler: /usr/bin/c++ - skipped
[0.225s] -- Detecting CXX compile features
[0.225s] -- Detecting CXX compile features - done
[0.228s] -- Found ament_cmake: 1.3.11 (/opt/ros/humble/share/ament_cmake/cmake)
[0.348s] -- Found Python3: /usr/bin/python3 (found version "3.10.12") found components: Interpreter 
[0.400s] -- Override CMake install command with custom implementation using symlinks instead of copying resources
[0.431s] -- Found ament_lint_auto: 0.12.12 (/opt/ros/humble/share/ament_lint_auto/cmake)
[0.502s] -- Added test 'copyright' to check source files copyright and LICENSE
[0.504s] -- Added test 'flake8' to check Python code syntax and style conventions
[0.505s] -- Added test 'lint_cmake' to check CMake code style
[0.506s] -- Added test 'pep257' to check Python code against some of the docstring style conventions in PEP 257
[0.508s] -- Added test 'xmllint' to check XML markup files
[0.510s] -- Configuring done
[0.514s] -- Generating done
[0.517s] -- Build files have been written to: /home/seav/Praveen/build/seav_bot
[0.522s] Invoked command in '/home/seav/Praveen/build/seav_bot' returned '0': CMAKE_PREFIX_PATH=${CMAKE_PREFIX_PATH}:/home/seav/ss25/install/wheel_odometry:/home/seav/ss25/install/seav_nav2:/home/seav/ss25/install/fake_odometry:/home/seav/ss25/install/bringup_pkg:/opt/ros/humble /usr/bin/cmake /home/seav/Praveen/src/seav_bot -DAMENT_CMAKE_SYMLINK_INSTALL=1 -DCMAKE_INSTALL_PREFIX=/home/seav/Praveen/install/seav_bot
[0.523s] Invoking command in '/home/seav/Praveen/build/seav_bot': CMAKE_PREFIX_PATH=${CMAKE_PREFIX_PATH}:/home/seav/ss25/install/wheel_odometry:/home/seav/ss25/install/seav_nav2:/home/seav/ss25/install/fake_odometry:/home/seav/ss25/install/bringup_pkg:/opt/ros/humble /usr/bin/cmake --build /home/seav/Praveen/build/seav_bot -- -j8 -l8
[0.552s] Invoked command in '/home/seav/Praveen/build/seav_bot' returned '0': CMAKE_PREFIX_PATH=${CMAKE_PREFIX_PATH}:/home/seav/ss25/install/wheel_odometry:/home/seav/ss25/install/seav_nav2:/home/seav/ss25/install/fake_odometry:/home/seav/ss25/install/bringup_pkg:/opt/ros/humble /usr/bin/cmake --build /home/seav/Praveen/build/seav_bot -- -j8 -l8
[0.560s] Invoking command in '/home/seav/Praveen/build/seav_bot': CMAKE_PREFIX_PATH=${CMAKE_PREFIX_PATH}:/home/seav/ss25/install/wheel_odometry:/home/seav/ss25/install/seav_nav2:/home/seav/ss25/install/fake_odometry:/home/seav/ss25/install/bringup_pkg:/opt/ros/humble /usr/bin/cmake --install /home/seav/Praveen/build/seav_bot
[0.566s] -- Install configuration: ""
[0.567s] -- Execute custom install script
[0.567s] -- Symlinking: /home/seav/Praveen/install/seav_bot/share/seav_bot/config/empty.yaml
[0.574s] -- Symlinking: /home/seav/Praveen/install/seav_bot/share/seav_bot/config/view_bot.rviz
[0.581s] -- Symlinking: /home/seav/Praveen/install/seav_bot/share/seav_bot/description/inertial_macros.xacro
[0.588s] -- Symlinking: /home/seav/Praveen/install/seav_bot/share/seav_bot/description/robot.urdf.xacro
[0.594s] -- Symlinking: /home/seav/Praveen/install/seav_bot/share/seav_bot/description/robot_core.xacro
[0.601s] -- Symlinking: /home/seav/Praveen/install/seav_bot/share/seav_bot/launch/rsp.launch.py
[0.609s] -- Symlinking: /home/seav/Praveen/install/seav_bot/share/seav_bot/worlds/empty.world
[0.616s] -- Symlinking: /home/seav/Praveen/install/seav_bot/share/ament_index/resource_index/package_run_dependencies/seav_bot
[0.623s] -- Symlinking: /home/seav/Praveen/install/seav_bot/share/ament_index/resource_index/parent_prefix_path/seav_bot
[0.630s] -- Symlinking: /home/seav/Praveen/install/seav_bot/share/seav_bot/environment/ament_prefix_path.sh
[0.637s] -- Symlinking: /home/seav/Praveen/install/seav_bot/share/seav_bot/environment/ament_prefix_path.dsv
[0.644s] -- Symlinking: /home/seav/Praveen/install/seav_bot/share/seav_bot/environment/path.sh
[0.651s] -- Symlinking: /home/seav/Praveen/install/seav_bot/share/seav_bot/environment/path.dsv
[0.658s] -- Symlinking: /home/seav/Praveen/install/seav_bot/share/seav_bot/local_setup.bash
[0.664s] -- Symlinking: /home/seav/Praveen/install/seav_bot/share/seav_bot/local_setup.sh
[0.671s] -- Symlinking: /home/seav/Praveen/install/seav_bot/share/seav_bot/local_setup.zsh
[0.678s] -- Symlinking: /home/seav/Praveen/install/seav_bot/share/seav_bot/local_setup.dsv
[0.685s] -- Symlinking: /home/seav/Praveen/install/seav_bot/share/seav_bot/package.dsv
[0.692s] -- Symlinking: /home/seav/Praveen/install/seav_bot/share/ament_index/resource_index/packages/seav_bot
[0.698s] -- Symlinking: /home/seav/Praveen/install/seav_bot/share/seav_bot/cmake/seav_botConfig.cmake
[0.705s] -- Symlinking: /home/seav/Praveen/install/seav_bot/share/seav_bot/cmake/seav_botConfig-version.cmake
[0.712s] -- Symlinking: /home/seav/Praveen/install/seav_bot/share/seav_bot/package.xml
[0.720s] Invoked command in '/home/seav/Praveen/build/seav_bot' returned '0': CMAKE_PREFIX_PATH=${CMAKE_PREFIX_PATH}:/home/seav/ss25/install/wheel_odometry:/home/seav/ss25/install/seav_nav2:/home/seav/ss25/install/fake_odometry:/home/seav/ss25/install/bringup_pkg:/opt/ros/humble /usr/bin/cmake --install /home/seav/Praveen/build/seav_bot
