[0.008s] Invoking command in '/home/seav/Praveen/build/seav_bot': CMAKE_PREFIX_PATH=${CMAKE_PREFIX_PATH}:/home/seav/ss25/install/wheel_odometry:/home/seav/ss25/install/seav_nav2:/home/seav/ss25/install/fake_odometry:/home/seav/ss25/install/bringup_pkg:/opt/ros/humble /usr/bin/cmake /home/seav/Praveen/src/seav_bot -DAMENT_CMAKE_SYMLINK_INSTALL=1 -DCMAKE_INSTALL_PREFIX=/home/seav/Praveen/install/seav_bot
[0.048s] -- The C compiler identification is GNU 11.4.0
[0.090s] -- The CXX compiler identification is GNU 11.4.0
[0.095s] -- Detecting C compiler ABI info
[0.148s] -- Detecting C compiler ABI info - done
[0.153s] -- Check for working C compiler: /usr/bin/cc - skipped
[0.154s] -- Detecting C compile features
[0.154s] -- Detecting C compile features - done
[0.156s] -- Detecting CXX compiler ABI info
[0.216s] -- Detecting CXX compiler ABI info - done
[0.222s] -- Check for working CXX compiler: /usr/bin/c++ - skipped
[0.223s] -- Detecting CXX compile features
[0.223s] -- Detecting CXX compile features - done
[0.226s] -- Found ament_cmake: 1.3.11 (/opt/ros/humble/share/ament_cmake/cmake)
[0.343s] -- Found Python3: /usr/bin/python3 (found version "3.10.12") found components: Interpreter 
[0.397s] -- Override CMake install command with custom implementation using symlinks instead of copying resources
[0.429s] -- Found ament_lint_auto: 0.12.12 (/opt/ros/humble/share/ament_lint_auto/cmake)
[0.497s] -- Added test 'copyright' to check source files copyright and LICENSE
[0.498s] -- Added test 'flake8' to check Python code syntax and style conventions
[0.499s] -- Added test 'lint_cmake' to check CMake code style
[0.500s] -- Added test 'pep257' to check Python code against some of the docstring style conventions in PEP 257
[0.501s] -- Added test 'xmllint' to check XML markup files
[0.502s] -- Configuring done
[0.504s] -- Generating done
[0.506s] -- Build files have been written to: /home/seav/Praveen/build/seav_bot
[0.509s] Invoked command in '/home/seav/Praveen/build/seav_bot' returned '0': CMAKE_PREFIX_PATH=${CMAKE_PREFIX_PATH}:/home/seav/ss25/install/wheel_odometry:/home/seav/ss25/install/seav_nav2:/home/seav/ss25/install/fake_odometry:/home/seav/ss25/install/bringup_pkg:/opt/ros/humble /usr/bin/cmake /home/seav/Praveen/src/seav_bot -DAMENT_CMAKE_SYMLINK_INSTALL=1 -DCMAKE_INSTALL_PREFIX=/home/seav/Praveen/install/seav_bot
[0.510s] Invoking command in '/home/seav/Praveen/build/seav_bot': CMAKE_PREFIX_PATH=${CMAKE_PREFIX_PATH}:/home/seav/ss25/install/wheel_odometry:/home/seav/ss25/install/seav_nav2:/home/seav/ss25/install/fake_odometry:/home/seav/ss25/install/bringup_pkg:/opt/ros/humble /usr/bin/cmake --build /home/seav/Praveen/build/seav_bot -- -j8 -l8
[0.540s] Invoked command in '/home/seav/Praveen/build/seav_bot' returned '0': CMAKE_PREFIX_PATH=${CMAKE_PREFIX_PATH}:/home/seav/ss25/install/wheel_odometry:/home/seav/ss25/install/seav_nav2:/home/seav/ss25/install/fake_odometry:/home/seav/ss25/install/bringup_pkg:/opt/ros/humble /usr/bin/cmake --build /home/seav/Praveen/build/seav_bot -- -j8 -l8
[0.548s] Invoking command in '/home/seav/Praveen/build/seav_bot': CMAKE_PREFIX_PATH=${CMAKE_PREFIX_PATH}:/home/seav/ss25/install/wheel_odometry:/home/seav/ss25/install/seav_nav2:/home/seav/ss25/install/fake_odometry:/home/seav/ss25/install/bringup_pkg:/opt/ros/humble /usr/bin/cmake --install /home/seav/Praveen/build/seav_bot
[0.554s] -- Install configuration: ""
[0.554s] -- Execute custom install script
[0.554s] -- Symlinking: /home/seav/Praveen/install/seav_bot/share/seav_bot/config/empty.yaml
[0.561s] -- Symlinking: /home/seav/Praveen/install/seav_bot/share/seav_bot/config/view_bot.rviz
[0.568s] -- Symlinking: /home/seav/Praveen/install/seav_bot/share/seav_bot/description/inertial_macros.xacro
[0.574s] -- Symlinking: /home/seav/Praveen/install/seav_bot/share/seav_bot/description/robot.urdf.xacro
[0.581s] -- Symlinking: /home/seav/Praveen/install/seav_bot/share/seav_bot/description/robot_core.xacro
[0.588s] -- Symlinking: /home/seav/Praveen/install/seav_bot/share/seav_bot/launch/rsp.launch.py
[0.595s] -- Symlinking: /home/seav/Praveen/install/seav_bot/share/seav_bot/worlds/empty.world
[0.601s] -- Symlinking: /home/seav/Praveen/install/seav_bot/share/ament_index/resource_index/package_run_dependencies/seav_bot
[0.608s] -- Symlinking: /home/seav/Praveen/install/seav_bot/share/ament_index/resource_index/parent_prefix_path/seav_bot
[0.615s] -- Symlinking: /home/seav/Praveen/install/seav_bot/share/seav_bot/environment/ament_prefix_path.sh
[0.622s] -- Symlinking: /home/seav/Praveen/install/seav_bot/share/seav_bot/environment/ament_prefix_path.dsv
[0.629s] -- Symlinking: /home/seav/Praveen/install/seav_bot/share/seav_bot/environment/path.sh
[0.636s] -- Symlinking: /home/seav/Praveen/install/seav_bot/share/seav_bot/environment/path.dsv
[0.643s] -- Symlinking: /home/seav/Praveen/install/seav_bot/share/seav_bot/local_setup.bash
[0.650s] -- Symlinking: /home/seav/Praveen/install/seav_bot/share/seav_bot/local_setup.sh
[0.656s] -- Symlinking: /home/seav/Praveen/install/seav_bot/share/seav_bot/local_setup.zsh
[0.663s] -- Symlinking: /home/seav/Praveen/install/seav_bot/share/seav_bot/local_setup.dsv
[0.670s] -- Symlinking: /home/seav/Praveen/install/seav_bot/share/seav_bot/package.dsv
[0.677s] -- Symlinking: /home/seav/Praveen/install/seav_bot/share/ament_index/resource_index/packages/seav_bot
[0.683s] -- Symlinking: /home/seav/Praveen/install/seav_bot/share/seav_bot/cmake/seav_botConfig.cmake
[0.690s] -- Symlinking: /home/seav/Praveen/install/seav_bot/share/seav_bot/cmake/seav_botConfig-version.cmake
[0.697s] -- Symlinking: /home/seav/Praveen/install/seav_bot/share/seav_bot/package.xml
[0.705s] Invoked command in '/home/seav/Praveen/build/seav_bot' returned '0': CMAKE_PREFIX_PATH=${CMAKE_PREFIX_PATH}:/home/seav/ss25/install/wheel_odometry:/home/seav/ss25/install/seav_nav2:/home/seav/ss25/install/fake_odometry:/home/seav/ss25/install/bringup_pkg:/opt/ros/humble /usr/bin/cmake --install /home/seav/Praveen/build/seav_bot
